/home/ms/ros2_ws/install/platooning_pkg/lib/python3.12/site-packages/platooning_pkg/leader_node.py
/home/ms/ros2_ws/install/platooning_pkg/lib/python3.12/site-packages/platooning_pkg/__init__.py
/home/ms/ros2_ws/install/platooning_pkg/lib/python3.12/site-packages/platooning_pkg/data_logger.py
/home/ms/ros2_ws/install/platooning_pkg/lib/python3.12/site-packages/platooning_pkg/gazebo_leader.py
/home/ms/ros2_ws/install/platooning_pkg/lib/python3.12/site-packages/platooning_pkg/gazebo_follower.py
/home/ms/ros2_ws/install/platooning_pkg/lib/python3.12/site-packages/platooning_pkg/follower_node.py
/home/ms/ros2_ws/install/platooning_pkg/lib/python3.12/site-packages/platooning_pkg/__pycache__/leader_node.cpython-312.pyc
/home/ms/ros2_ws/install/platooning_pkg/lib/python3.12/site-packages/platooning_pkg/__pycache__/__init__.cpython-312.pyc
/home/ms/ros2_ws/install/platooning_pkg/lib/python3.12/site-packages/platooning_pkg/__pycache__/data_logger.cpython-312.pyc
/home/ms/ros2_ws/install/platooning_pkg/lib/python3.12/site-packages/platooning_pkg/__pycache__/gazebo_leader.cpython-312.pyc
/home/ms/ros2_ws/install/platooning_pkg/lib/python3.12/site-packages/platooning_pkg/__pycache__/gazebo_follower.cpython-312.pyc
/home/ms/ros2_ws/install/platooning_pkg/lib/python3.12/site-packages/platooning_pkg/__pycache__/follower_node.cpython-312.pyc
/home/ms/ros2_ws/install/platooning_pkg/share/ament_index/resource_index/packages/platooning_pkg
/home/ms/ros2_ws/install/platooning_pkg/share/platooning_pkg/package.xml
/home/ms/ros2_ws/install/platooning_pkg/lib/python3.12/site-packages/platooning_pkg-0.0.0-py3.12.egg-info/entry_points.txt
/home/ms/ros2_ws/install/platooning_pkg/lib/python3.12/site-packages/platooning_pkg-0.0.0-py3.12.egg-info/SOURCES.txt
/home/ms/ros2_ws/install/platooning_pkg/lib/python3.12/site-packages/platooning_pkg-0.0.0-py3.12.egg-info/PKG-INFO
/home/ms/ros2_ws/install/platooning_pkg/lib/python3.12/site-packages/platooning_pkg-0.0.0-py3.12.egg-info/dependency_links.txt
/home/ms/ros2_ws/install/platooning_pkg/lib/python3.12/site-packages/platooning_pkg-0.0.0-py3.12.egg-info/zip-safe
/home/ms/ros2_ws/install/platooning_pkg/lib/python3.12/site-packages/platooning_pkg-0.0.0-py3.12.egg-info/requires.txt
/home/ms/ros2_ws/install/platooning_pkg/lib/python3.12/site-packages/platooning_pkg-0.0.0-py3.12.egg-info/top_level.txt
/home/ms/ros2_ws/install/platooning_pkg/lib/platooning_pkg/data_logger
/home/ms/ros2_ws/install/platooning_pkg/lib/platooning_pkg/follower_node
/home/ms/ros2_ws/install/platooning_pkg/lib/platooning_pkg/gazebo_follower
/home/ms/ros2_ws/install/platooning_pkg/lib/platooning_pkg/gazebo_leader
/home/ms/ros2_ws/install/platooning_pkg/lib/platooning_pkg/leader_node
