[0.725s] Invoking command in '/home/ms/ros2_ws/src/platooning_pkg': PYTHONPATH=/home/ms/ros2_ws/build/platooning_pkg/prefix_override:/usr/lib/python3/dist-packages/colcon_core/task/python/colcon_distutils_commands:/home/ms/ros2_ws/install/platooning_pkg/lib/python3.12/site-packages:${PYTHONPATH} /usr/bin/python3 -W ignore:setup.py install is deprecated -W ignore:easy_install command is deprecated setup.py egg_info --egg-base ../../build/platooning_pkg build --build-base /home/ms/ros2_ws/build/platooning_pkg/build install --record /home/ms/ros2_ws/build/platooning_pkg/install.log --single-version-externally-managed install_data
[0.873s] running egg_info
[0.882s] writing ../../build/platooning_pkg/platooning_pkg.egg-info/PKG-INFO
[0.882s] writing dependency_links to ../../build/platooning_pkg/platooning_pkg.egg-info/dependency_links.txt
[0.883s] writing entry points to ../../build/platooning_pkg/platooning_pkg.egg-info/entry_points.txt
[0.883s] writing requirements to ../../build/platooning_pkg/platooning_pkg.egg-info/requires.txt
[0.883s] writing top-level names to ../../build/platooning_pkg/platooning_pkg.egg-info/top_level.txt
[0.903s] reading manifest file '../../build/platooning_pkg/platooning_pkg.egg-info/SOURCES.txt'
[0.904s] writing manifest file '../../build/platooning_pkg/platooning_pkg.egg-info/SOURCES.txt'
[0.904s] running build
[0.904s] running build_py
[0.904s] running install
[0.908s] running install_lib
[0.919s] running install_data
[0.919s] running install_egg_info
[0.929s] removing '/home/ms/ros2_ws/install/platooning_pkg/lib/python3.12/site-packages/platooning_pkg-0.0.0-py3.12.egg-info' (and everything under it)
[0.930s] Copying ../../build/platooning_pkg/platooning_pkg.egg-info to /home/ms/ros2_ws/install/platooning_pkg/lib/python3.12/site-packages/platooning_pkg-0.0.0-py3.12.egg-info
[0.930s] running install_scripts
[1.000s] Installing data_logger script to /home/ms/ros2_ws/install/platooning_pkg/lib/platooning_pkg
[1.000s] Installing follower_node script to /home/ms/ros2_ws/install/platooning_pkg/lib/platooning_pkg
[1.000s] Installing gazebo_follower script to /home/ms/ros2_ws/install/platooning_pkg/lib/platooning_pkg
[1.000s] Installing gazebo_leader script to /home/ms/ros2_ws/install/platooning_pkg/lib/platooning_pkg
[1.001s] Installing leader_node script to /home/ms/ros2_ws/install/platooning_pkg/lib/platooning_pkg
[1.001s] writing list of installed files to '/home/ms/ros2_ws/build/platooning_pkg/install.log'
[1.036s] Invoked command in '/home/ms/ros2_ws/src/platooning_pkg' returned '0': PYTHONPATH=/home/ms/ros2_ws/build/platooning_pkg/prefix_override:/usr/lib/python3/dist-packages/colcon_core/task/python/colcon_distutils_commands:/home/ms/ros2_ws/install/platooning_pkg/lib/python3.12/site-packages:${PYTHONPATH} /usr/bin/python3 -W ignore:setup.py install is deprecated -W ignore:easy_install command is deprecated setup.py egg_info --egg-base ../../build/platooning_pkg build --build-base /home/ms/ros2_ws/build/platooning_pkg/build install --record /home/ms/ros2_ws/build/platooning_pkg/install.log --single-version-externally-managed install_data
