[0.896s] Invoking command in '/home/ms/ros2_ws/src/my_py_pkg': PYTHONPATH=/home/ms/ros2_ws/build/my_py_pkg/prefix_override:/usr/lib/python3/dist-packages/colcon_core/task/python/colcon_distutils_commands:/home/ms/ros2_ws/install/my_py_pkg/lib/python3.12/site-packages:${PYTHONPATH} /usr/bin/python3 -W ignore:setup.py install is deprecated -W ignore:easy_install command is deprecated setup.py egg_info --egg-base ../../build/my_py_pkg build --build-base /home/ms/ros2_ws/build/my_py_pkg/build install --record /home/ms/ros2_ws/build/my_py_pkg/install.log --single-version-externally-managed install_data
[1.039s] running egg_info
[1.049s] writing ../../build/my_py_pkg/my_py_pkg.egg-info/PKG-INFO
[1.049s] writing dependency_links to ../../build/my_py_pkg/my_py_pkg.egg-info/dependency_links.txt
[1.050s] writing entry points to ../../build/my_py_pkg/my_py_pkg.egg-info/entry_points.txt
[1.050s] writing requirements to ../../build/my_py_pkg/my_py_pkg.egg-info/requires.txt
[1.051s] writing top-level names to ../../build/my_py_pkg/my_py_pkg.egg-info/top_level.txt
[1.070s] reading manifest file '../../build/my_py_pkg/my_py_pkg.egg-info/SOURCES.txt'
[1.071s] writing manifest file '../../build/my_py_pkg/my_py_pkg.egg-info/SOURCES.txt'
[1.072s] running build
[1.072s] running build_py
[1.073s] running install
[1.076s] running install_lib
[1.087s] running install_data
[1.087s] running install_egg_info
[1.099s] removing '/home/ms/ros2_ws/install/my_py_pkg/lib/python3.12/site-packages/my_py_pkg-0.0.0-py3.12.egg-info' (and everything under it)
[1.100s] Copying ../../build/my_py_pkg/my_py_pkg.egg-info to /home/ms/ros2_ws/install/my_py_pkg/lib/python3.12/site-packages/my_py_pkg-0.0.0-py3.12.egg-info
[1.101s] running install_scripts
[1.172s] Installing my_first_node script to /home/ms/ros2_ws/install/my_py_pkg/lib/my_py_pkg
[1.173s] writing list of installed files to '/home/ms/ros2_ws/build/my_py_pkg/install.log'
[1.195s] Invoked command in '/home/ms/ros2_ws/src/my_py_pkg' returned '0': PYTHONPATH=/home/ms/ros2_ws/build/my_py_pkg/prefix_override:/usr/lib/python3/dist-packages/colcon_core/task/python/colcon_distutils_commands:/home/ms/ros2_ws/install/my_py_pkg/lib/python3.12/site-packages:${PYTHONPATH} /usr/bin/python3 -W ignore:setup.py install is deprecated -W ignore:easy_install command is deprecated setup.py egg_info --egg-base ../../build/my_py_pkg build --build-base /home/ms/ros2_ws/build/my_py_pkg/build install --record /home/ms/ros2_ws/build/my_py_pkg/install.log --single-version-externally-managed install_data
