[1.346s] Invoking command in '/home/ms/ros2_ws/src/my_py_pkg': PYTHONPATH=/home/ms/ros2_ws/build/my_py_pkg/prefix_override:/usr/lib/python3/dist-packages/colcon_core/task/python/colcon_distutils_commands:/home/ms/ros2_ws/install/my_py_pkg/lib/python3.12/site-packages:${PYTHONPATH} /usr/bin/python3 -W ignore:setup.py install is deprecated -W ignore:easy_install command is deprecated setup.py egg_info --egg-base ../../build/my_py_pkg build --build-base /home/ms/ros2_ws/build/my_py_pkg/build install --record /home/ms/ros2_ws/build/my_py_pkg/install.log --single-version-externally-managed install_data
[1.592s] running egg_info
[1.610s] writing ../../build/my_py_pkg/my_py_pkg.egg-info/PKG-INFO
[1.611s] writing dependency_links to ../../build/my_py_pkg/my_py_pkg.egg-info/dependency_links.txt
[1.612s] writing entry points to ../../build/my_py_pkg/my_py_pkg.egg-info/entry_points.txt
[1.612s] writing requirements to ../../build/my_py_pkg/my_py_pkg.egg-info/requires.txt
[1.613s] writing top-level names to ../../build/my_py_pkg/my_py_pkg.egg-info/top_level.txt
[1.647s] reading manifest file '../../build/my_py_pkg/my_py_pkg.egg-info/SOURCES.txt'
[1.648s] writing manifest file '../../build/my_py_pkg/my_py_pkg.egg-info/SOURCES.txt'
[1.649s] running build
[1.649s] running build_py
[1.649s] running install
[1.655s] running install_lib
[1.671s] running install_data
[1.671s] running install_egg_info
[1.689s] removing '/home/ms/ros2_ws/install/my_py_pkg/lib/python3.12/site-packages/my_py_pkg-0.0.0-py3.12.egg-info' (and everything under it)
[1.692s] Copying ../../build/my_py_pkg/my_py_pkg.egg-info to /home/ms/ros2_ws/install/my_py_pkg/lib/python3.12/site-packages/my_py_pkg-0.0.0-py3.12.egg-info
[1.693s] running install_scripts
[1.818s] Installing my_first_node script to /home/ms/ros2_ws/install/my_py_pkg/lib/my_py_pkg
[1.818s] writing list of installed files to '/home/ms/ros2_ws/build/my_py_pkg/install.log'
[1.857s] Invoked command in '/home/ms/ros2_ws/src/my_py_pkg' returned '0': PYTHONPATH=/home/ms/ros2_ws/build/my_py_pkg/prefix_override:/usr/lib/python3/dist-packages/colcon_core/task/python/colcon_distutils_commands:/home/ms/ros2_ws/install/my_py_pkg/lib/python3.12/site-packages:${PYTHONPATH} /usr/bin/python3 -W ignore:setup.py install is deprecated -W ignore:easy_install command is deprecated setup.py egg_info --egg-base ../../build/my_py_pkg build --build-base /home/ms/ros2_ws/build/my_py_pkg/build install --record /home/ms/ros2_ws/build/my_py_pkg/install.log --single-version-externally-managed install_data
