[0.234s] DEBUG:colcon:Command line arguments: ['/usr/bin/colcon', 'build']
[0.234s] DEBUG:colcon:Parsed command line arguments: Namespace(log_base=None, log_level=None, verb_name='build', build_base='build', install_base='install', merge_install=False, symlink_install=False, test_result_base=None, continue_on_error=False, executor='parallel', parallel_workers=20, event_handlers=None, ignore_user_meta=False, metas=['./colcon.meta'], base_paths=['.'], packages_ignore=None, packages_ignore_regex=None, paths=None, packages_up_to=None, packages_up_to_regex=None, packages_above=None, packages_above_and_dependencies=None, packages_above_depth=None, packages_select_by_dep=None, packages_skip_by_dep=None, packages_skip_up_to=None, packages_select_build_failed=False, packages_skip_build_finished=False, packages_select_test_failures=False, packages_skip_test_passed=False, packages_select=None, packages_skip=None, packages_select_regex=None, packages_skip_regex=None, packages_start=None, packages_end=None, allow_overriding=[], cmake_args=None, cmake_target=None, cmake_target_skip_unavailable=False, cmake_clean_cache=False, cmake_clean_first=False, cmake_force_configure=False, ament_cmake_args=None, catkin_cmake_args=None, catkin_skip_building_tests=False, verb_parser=<colcon_defaults.argument_parser.defaults.DefaultArgumentsDecorator object at 0x77a004e6b470>, verb_extension=<colcon_core.verb.build.BuildVerb object at 0x77a004f8fb30>, main=<bound method BuildVerb.main of <colcon_core.verb.build.BuildVerb object at 0x77a004f8fb30>>)
[0.273s] Level 1:colcon.colcon_core.package_discovery:discover_packages(colcon_meta) check parameters
[0.273s] Level 1:colcon.colcon_core.package_discovery:discover_packages(recursive) check parameters
[0.273s] Level 1:colcon.colcon_core.package_discovery:discover_packages(ignore) check parameters
[0.273s] Level 1:colcon.colcon_core.package_discovery:discover_packages(path) check parameters
[0.273s] Level 1:colcon.colcon_core.package_discovery:discover_packages(colcon_meta) discover
[0.273s] Level 1:colcon.colcon_core.package_discovery:discover_packages(recursive) discover
[0.273s] INFO:colcon.colcon_core.package_discovery:Crawling recursively for packages in '/home/ms/ros2_ws'
[0.274s] Level 1:colcon.colcon_core.package_identification:_identify(.) by extensions ['ignore', 'ignore_ament_install']
[0.274s] Level 1:colcon.colcon_core.package_identification:_identify(.) by extension 'ignore'
[0.274s] Level 1:colcon.colcon_core.package_identification:_identify(.) by extension 'ignore_ament_install'
[0.274s] Level 1:colcon.colcon_core.package_identification:_identify(.) by extensions ['colcon_pkg']
[0.274s] Level 1:colcon.colcon_core.package_identification:_identify(.) by extension 'colcon_pkg'
[0.274s] Level 1:colcon.colcon_core.package_identification:_identify(.) by extensions ['colcon_meta']
[0.274s] Level 1:colcon.colcon_core.package_identification:_identify(.) by extension 'colcon_meta'
[0.274s] Level 1:colcon.colcon_core.package_identification:_identify(.) by extensions ['ros']
[0.274s] Level 1:colcon.colcon_core.package_identification:_identify(.) by extension 'ros'
[0.300s] Level 1:colcon.colcon_core.package_identification:_identify(.) by extensions ['cmake', 'python']
[0.300s] Level 1:colcon.colcon_core.package_identification:_identify(.) by extension 'cmake'
[0.300s] Level 1:colcon.colcon_core.package_identification:_identify(.) by extension 'python'
[0.300s] Level 1:colcon.colcon_core.package_identification:_identify(.) by extensions ['python_setup_py']
[0.301s] Level 1:colcon.colcon_core.package_identification:_identify(.) by extension 'python_setup_py'
[0.301s] Level 1:colcon.colcon_core.package_identification:_identify(build) by extensions ['ignore', 'ignore_ament_install']
[0.301s] Level 1:colcon.colcon_core.package_identification:_identify(build) by extension 'ignore'
[0.301s] Level 1:colcon.colcon_core.package_identification:_identify(build) ignored
[0.301s] Level 1:colcon.colcon_core.package_identification:_identify(install) by extensions ['ignore', 'ignore_ament_install']
[0.301s] Level 1:colcon.colcon_core.package_identification:_identify(install) by extension 'ignore'
[0.301s] Level 1:colcon.colcon_core.package_identification:_identify(install) ignored
[0.301s] Level 1:colcon.colcon_core.package_identification:_identify(log) by extensions ['ignore', 'ignore_ament_install']
[0.301s] Level 1:colcon.colcon_core.package_identification:_identify(log) by extension 'ignore'
[0.301s] Level 1:colcon.colcon_core.package_identification:_identify(log) ignored
[0.301s] Level 1:colcon.colcon_core.package_identification:_identify(src) by extensions ['ignore', 'ignore_ament_install']
[0.301s] Level 1:colcon.colcon_core.package_identification:_identify(src) by extension 'ignore'
[0.301s] Level 1:colcon.colcon_core.package_identification:_identify(src) by extension 'ignore_ament_install'
[0.301s] Level 1:colcon.colcon_core.package_identification:_identify(src) by extensions ['colcon_pkg']
[0.301s] Level 1:colcon.colcon_core.package_identification:_identify(src) by extension 'colcon_pkg'
[0.301s] Level 1:colcon.colcon_core.package_identification:_identify(src) by extensions ['colcon_meta']
[0.301s] Level 1:colcon.colcon_core.package_identification:_identify(src) by extension 'colcon_meta'
[0.301s] Level 1:colcon.colcon_core.package_identification:_identify(src) by extensions ['ros']
[0.301s] Level 1:colcon.colcon_core.package_identification:_identify(src) by extension 'ros'
[0.301s] Level 1:colcon.colcon_core.package_identification:_identify(src) by extensions ['cmake', 'python']
[0.301s] Level 1:colcon.colcon_core.package_identification:_identify(src) by extension 'cmake'
[0.301s] Level 1:colcon.colcon_core.package_identification:_identify(src) by extension 'python'
[0.302s] Level 1:colcon.colcon_core.package_identification:_identify(src) by extensions ['python_setup_py']
[0.302s] Level 1:colcon.colcon_core.package_identification:_identify(src) by extension 'python_setup_py'
[0.302s] Level 1:colcon.colcon_core.package_identification:_identify(src/my_py_pkg) by extensions ['ignore', 'ignore_ament_install']
[0.302s] Level 1:colcon.colcon_core.package_identification:_identify(src/my_py_pkg) by extension 'ignore'
[0.302s] Level 1:colcon.colcon_core.package_identification:_identify(src/my_py_pkg) by extension 'ignore_ament_install'
[0.302s] Level 1:colcon.colcon_core.package_identification:_identify(src/my_py_pkg) by extensions ['colcon_pkg']
[0.302s] Level 1:colcon.colcon_core.package_identification:_identify(src/my_py_pkg) by extension 'colcon_pkg'
[0.302s] Level 1:colcon.colcon_core.package_identification:_identify(src/my_py_pkg) by extensions ['colcon_meta']
[0.302s] Level 1:colcon.colcon_core.package_identification:_identify(src/my_py_pkg) by extension 'colcon_meta'
[0.302s] Level 1:colcon.colcon_core.package_identification:_identify(src/my_py_pkg) by extensions ['ros']
[0.302s] Level 1:colcon.colcon_core.package_identification:_identify(src/my_py_pkg) by extension 'ros'
[0.305s] DEBUG:colcon.colcon_core.package_identification:Package 'src/my_py_pkg' with type 'ros.ament_python' and name 'my_py_pkg'
[0.305s] Level 1:colcon.colcon_core.package_identification:_identify(src/platoon_gazebo) by extensions ['ignore', 'ignore_ament_install']
[0.306s] Level 1:colcon.colcon_core.package_identification:_identify(src/platoon_gazebo) by extension 'ignore'
[0.306s] Level 1:colcon.colcon_core.package_identification:_identify(src/platoon_gazebo) by extension 'ignore_ament_install'
[0.306s] Level 1:colcon.colcon_core.package_identification:_identify(src/platoon_gazebo) by extensions ['colcon_pkg']
[0.306s] Level 1:colcon.colcon_core.package_identification:_identify(src/platoon_gazebo) by extension 'colcon_pkg'
[0.306s] Level 1:colcon.colcon_core.package_identification:_identify(src/platoon_gazebo) by extensions ['colcon_meta']
[0.306s] Level 1:colcon.colcon_core.package_identification:_identify(src/platoon_gazebo) by extension 'colcon_meta'
[0.306s] Level 1:colcon.colcon_core.package_identification:_identify(src/platoon_gazebo) by extensions ['ros']
[0.306s] Level 1:colcon.colcon_core.package_identification:_identify(src/platoon_gazebo) by extension 'ros'
[0.306s] DEBUG:colcon.colcon_core.package_identification:Package 'src/platoon_gazebo' with type 'ros.ament_python' and name 'platoon_gazebo'
[0.306s] Level 1:colcon.colcon_core.package_identification:_identify(src/platooning_pkg) by extensions ['ignore', 'ignore_ament_install']
[0.306s] Level 1:colcon.colcon_core.package_identification:_identify(src/platooning_pkg) by extension 'ignore'
[0.306s] Level 1:colcon.colcon_core.package_identification:_identify(src/platooning_pkg) by extension 'ignore_ament_install'
[0.306s] Level 1:colcon.colcon_core.package_identification:_identify(src/platooning_pkg) by extensions ['colcon_pkg']
[0.306s] Level 1:colcon.colcon_core.package_identification:_identify(src/platooning_pkg) by extension 'colcon_pkg'
[0.306s] Level 1:colcon.colcon_core.package_identification:_identify(src/platooning_pkg) by extensions ['colcon_meta']
[0.306s] Level 1:colcon.colcon_core.package_identification:_identify(src/platooning_pkg) by extension 'colcon_meta'
[0.306s] Level 1:colcon.colcon_core.package_identification:_identify(src/platooning_pkg) by extensions ['ros']
[0.306s] Level 1:colcon.colcon_core.package_identification:_identify(src/platooning_pkg) by extension 'ros'
[0.307s] DEBUG:colcon.colcon_core.package_identification:Package 'src/platooning_pkg' with type 'ros.ament_python' and name 'platooning_pkg'
[0.307s] Level 1:colcon.colcon_core.package_discovery:discover_packages(recursive) using defaults
[0.307s] Level 1:colcon.colcon_core.package_discovery:discover_packages(ignore) discover
[0.307s] Level 1:colcon.colcon_core.package_discovery:discover_packages(ignore) using defaults
[0.307s] Level 1:colcon.colcon_core.package_discovery:discover_packages(path) discover
[0.307s] Level 1:colcon.colcon_core.package_discovery:discover_packages(path) using defaults
[0.326s] Level 1:colcon.colcon_core.package_discovery:discover_packages(prefix_path) check parameters
[0.326s] Level 1:colcon.colcon_core.package_discovery:discover_packages(prefix_path) discover
[0.329s] DEBUG:colcon.colcon_installed_package_information.package_discovery:Found 3 installed packages in /home/ms/ros2_ws/install
[0.330s] DEBUG:colcon.colcon_installed_package_information.package_discovery:Found 318 installed packages in /opt/ros/jazzy
[0.331s] Level 1:colcon.colcon_core.package_discovery:discover_packages(prefix_path) using defaults
[0.366s] Level 5:colcon.colcon_core.verb:set package 'my_py_pkg' build argument 'cmake_args' from command line to 'None'
[0.366s] Level 5:colcon.colcon_core.verb:set package 'my_py_pkg' build argument 'cmake_target' from command line to 'None'
[0.366s] Level 5:colcon.colcon_core.verb:set package 'my_py_pkg' build argument 'cmake_target_skip_unavailable' from command line to 'False'
[0.367s] Level 5:colcon.colcon_core.verb:set package 'my_py_pkg' build argument 'cmake_clean_cache' from command line to 'False'
[0.367s] Level 5:colcon.colcon_core.verb:set package 'my_py_pkg' build argument 'cmake_clean_first' from command line to 'False'
[0.367s] Level 5:colcon.colcon_core.verb:set package 'my_py_pkg' build argument 'cmake_force_configure' from command line to 'False'
[0.367s] Level 5:colcon.colcon_core.verb:set package 'my_py_pkg' build argument 'ament_cmake_args' from command line to 'None'
[0.367s] Level 5:colcon.colcon_core.verb:set package 'my_py_pkg' build argument 'catkin_cmake_args' from command line to 'None'
[0.367s] Level 5:colcon.colcon_core.verb:set package 'my_py_pkg' build argument 'catkin_skip_building_tests' from command line to 'False'
[0.367s] DEBUG:colcon.colcon_core.verb:Building package 'my_py_pkg' with the following arguments: {'ament_cmake_args': None, 'build_base': '/home/ms/ros2_ws/build/my_py_pkg', 'catkin_cmake_args': None, 'catkin_skip_building_tests': False, 'cmake_args': None, 'cmake_clean_cache': False, 'cmake_clean_first': False, 'cmake_force_configure': False, 'cmake_target': None, 'cmake_target_skip_unavailable': False, 'install_base': '/home/ms/ros2_ws/install/my_py_pkg', 'merge_install': False, 'path': '/home/ms/ros2_ws/src/my_py_pkg', 'symlink_install': False, 'test_result_base': None}
[0.367s] Level 5:colcon.colcon_core.verb:set package 'platoon_gazebo' build argument 'cmake_args' from command line to 'None'
[0.367s] Level 5:colcon.colcon_core.verb:set package 'platoon_gazebo' build argument 'cmake_target' from command line to 'None'
[0.367s] Level 5:colcon.colcon_core.verb:set package 'platoon_gazebo' build argument 'cmake_target_skip_unavailable' from command line to 'False'
[0.367s] Level 5:colcon.colcon_core.verb:set package 'platoon_gazebo' build argument 'cmake_clean_cache' from command line to 'False'
[0.367s] Level 5:colcon.colcon_core.verb:set package 'platoon_gazebo' build argument 'cmake_clean_first' from command line to 'False'
[0.367s] Level 5:colcon.colcon_core.verb:set package 'platoon_gazebo' build argument 'cmake_force_configure' from command line to 'False'
[0.367s] Level 5:colcon.colcon_core.verb:set package 'platoon_gazebo' build argument 'ament_cmake_args' from command line to 'None'
[0.367s] Level 5:colcon.colcon_core.verb:set package 'platoon_gazebo' build argument 'catkin_cmake_args' from command line to 'None'
[0.367s] Level 5:colcon.colcon_core.verb:set package 'platoon_gazebo' build argument 'catkin_skip_building_tests' from command line to 'False'
[0.367s] DEBUG:colcon.colcon_core.verb:Building package 'platoon_gazebo' with the following arguments: {'ament_cmake_args': None, 'build_base': '/home/ms/ros2_ws/build/platoon_gazebo', 'catkin_cmake_args': None, 'catkin_skip_building_tests': False, 'cmake_args': None, 'cmake_clean_cache': False, 'cmake_clean_first': False, 'cmake_force_configure': False, 'cmake_target': None, 'cmake_target_skip_unavailable': False, 'install_base': '/home/ms/ros2_ws/install/platoon_gazebo', 'merge_install': False, 'path': '/home/ms/ros2_ws/src/platoon_gazebo', 'symlink_install': False, 'test_result_base': None}
[0.367s] Level 5:colcon.colcon_core.verb:set package 'platooning_pkg' build argument 'cmake_args' from command line to 'None'
[0.367s] Level 5:colcon.colcon_core.verb:set package 'platooning_pkg' build argument 'cmake_target' from command line to 'None'
[0.367s] Level 5:colcon.colcon_core.verb:set package 'platooning_pkg' build argument 'cmake_target_skip_unavailable' from command line to 'False'
[0.367s] Level 5:colcon.colcon_core.verb:set package 'platooning_pkg' build argument 'cmake_clean_cache' from command line to 'False'
[0.367s] Level 5:colcon.colcon_core.verb:set package 'platooning_pkg' build argument 'cmake_clean_first' from command line to 'False'
[0.367s] Level 5:colcon.colcon_core.verb:set package 'platooning_pkg' build argument 'cmake_force_configure' from command line to 'False'
[0.367s] Level 5:colcon.colcon_core.verb:set package 'platooning_pkg' build argument 'ament_cmake_args' from command line to 'None'
[0.367s] Level 5:colcon.colcon_core.verb:set package 'platooning_pkg' build argument 'catkin_cmake_args' from command line to 'None'
[0.367s] Level 5:colcon.colcon_core.verb:set package 'platooning_pkg' build argument 'catkin_skip_building_tests' from command line to 'False'
[0.367s] DEBUG:colcon.colcon_core.verb:Building package 'platooning_pkg' with the following arguments: {'ament_cmake_args': None, 'build_base': '/home/ms/ros2_ws/build/platooning_pkg', 'catkin_cmake_args': None, 'catkin_skip_building_tests': False, 'cmake_args': None, 'cmake_clean_cache': False, 'cmake_clean_first': False, 'cmake_force_configure': False, 'cmake_target': None, 'cmake_target_skip_unavailable': False, 'install_base': '/home/ms/ros2_ws/install/platooning_pkg', 'merge_install': False, 'path': '/home/ms/ros2_ws/src/platooning_pkg', 'symlink_install': False, 'test_result_base': None}
[0.367s] INFO:colcon.colcon_core.executor:Executing jobs using 'parallel' executor
[0.368s] DEBUG:colcon.colcon_parallel_executor.executor.parallel:run_until_complete
[0.368s] INFO:colcon.colcon_ros.task.ament_python.build:Building ROS package in '/home/ms/ros2_ws/src/my_py_pkg' with build type 'ament_python'
[0.368s] Level 1:colcon.colcon_core.shell:create_environment_hook('my_py_pkg', 'ament_prefix_path')
[0.371s] INFO:colcon.colcon_core.plugin_system:Skipping extension 'colcon_core.shell.bat': Not used on non-Windows systems
[0.372s] INFO:colcon.colcon_core.shell:Creating environment hook '/home/ms/ros2_ws/install/my_py_pkg/share/my_py_pkg/hook/ament_prefix_path.ps1'
[0.372s] INFO:colcon.colcon_core.shell:Creating environment descriptor '/home/ms/ros2_ws/install/my_py_pkg/share/my_py_pkg/hook/ament_prefix_path.dsv'
[0.374s] INFO:colcon.colcon_core.shell:Creating environment hook '/home/ms/ros2_ws/install/my_py_pkg/share/my_py_pkg/hook/ament_prefix_path.sh'
[0.375s] INFO:colcon.colcon_core.shell:Skip shell extension 'powershell' for command environment: Not usable outside of PowerShell
[0.375s] DEBUG:colcon.colcon_core.shell:Skip shell extension 'dsv' for command environment
[0.378s] INFO:colcon.colcon_ros.task.ament_python.build:Building ROS package in '/home/ms/ros2_ws/src/platoon_gazebo' with build type 'ament_python'
[0.378s] Level 1:colcon.colcon_core.shell:create_environment_hook('platoon_gazebo', 'ament_prefix_path')
[0.378s] INFO:colcon.colcon_core.shell:Creating environment hook '/home/ms/ros2_ws/install/platoon_gazebo/share/platoon_gazebo/hook/ament_prefix_path.ps1'
[0.379s] INFO:colcon.colcon_core.shell:Creating environment descriptor '/home/ms/ros2_ws/install/platoon_gazebo/share/platoon_gazebo/hook/ament_prefix_path.dsv'
[0.379s] INFO:colcon.colcon_core.shell:Creating environment hook '/home/ms/ros2_ws/install/platoon_gazebo/share/platoon_gazebo/hook/ament_prefix_path.sh'
[0.380s] INFO:colcon.colcon_core.shell:Skip shell extension 'powershell' for command environment: Not usable outside of PowerShell
[0.380s] DEBUG:colcon.colcon_core.shell:Skip shell extension 'dsv' for command environment
[0.383s] INFO:colcon.colcon_ros.task.ament_python.build:Building ROS package in '/home/ms/ros2_ws/src/platooning_pkg' with build type 'ament_python'
[0.383s] Level 1:colcon.colcon_core.shell:create_environment_hook('platooning_pkg', 'ament_prefix_path')
[0.383s] INFO:colcon.colcon_core.shell:Creating environment hook '/home/ms/ros2_ws/install/platooning_pkg/share/platooning_pkg/hook/ament_prefix_path.ps1'
[0.384s] INFO:colcon.colcon_core.shell:Creating environment descriptor '/home/ms/ros2_ws/install/platooning_pkg/share/platooning_pkg/hook/ament_prefix_path.dsv'
[0.384s] INFO:colcon.colcon_core.shell:Creating environment hook '/home/ms/ros2_ws/install/platooning_pkg/share/platooning_pkg/hook/ament_prefix_path.sh'
[0.385s] INFO:colcon.colcon_core.shell:Skip shell extension 'powershell' for command environment: Not usable outside of PowerShell
[0.385s] DEBUG:colcon.colcon_core.shell:Skip shell extension 'dsv' for command environment
[0.583s] INFO:colcon.colcon_core.task.python.build:Building Python package in '/home/ms/ros2_ws/src/my_py_pkg'
[0.584s] INFO:colcon.colcon_core.shell:Skip shell extension 'powershell' for command environment: Not usable outside of PowerShell
[0.584s] DEBUG:colcon.colcon_core.shell:Skip shell extension 'dsv' for command environment
[0.789s] INFO:colcon.colcon_core.task.python.build:Building Python package in '/home/ms/ros2_ws/src/platoon_gazebo'
[0.789s] INFO:colcon.colcon_core.shell:Skip shell extension 'powershell' for command environment: Not usable outside of PowerShell
[0.789s] DEBUG:colcon.colcon_core.shell:Skip shell extension 'dsv' for command environment
[0.996s] INFO:colcon.colcon_core.task.python.build:Building Python package in '/home/ms/ros2_ws/src/platooning_pkg'
[0.996s] INFO:colcon.colcon_core.shell:Skip shell extension 'powershell' for command environment: Not usable outside of PowerShell
[0.996s] DEBUG:colcon.colcon_core.shell:Skip shell extension 'dsv' for command environment
[1.630s] DEBUG:colcon.colcon_core.event_handler.log_command:Invoking command in '/home/ms/ros2_ws/src/platooning_pkg': PYTHONPATH=/home/ms/ros2_ws/build/platooning_pkg/prefix_override:/usr/lib/python3/dist-packages/colcon_core/task/python/colcon_distutils_commands:/home/ms/ros2_ws/install/platooning_pkg/lib/python3.12/site-packages:${PYTHONPATH} /usr/bin/python3 -W ignore:setup.py install is deprecated -W ignore:easy_install command is deprecated setup.py egg_info --egg-base ../../build/platooning_pkg build --build-base /home/ms/ros2_ws/build/platooning_pkg/build install --record /home/ms/ros2_ws/build/platooning_pkg/install.log --single-version-externally-managed install_data
[1.642s] DEBUG:colcon.colcon_core.event_handler.log_command:Invoking command in '/home/ms/ros2_ws/src/my_py_pkg': PYTHONPATH=/home/ms/ros2_ws/build/my_py_pkg/prefix_override:/usr/lib/python3/dist-packages/colcon_core/task/python/colcon_distutils_commands:/home/ms/ros2_ws/install/my_py_pkg/lib/python3.12/site-packages:${PYTHONPATH} /usr/bin/python3 -W ignore:setup.py install is deprecated -W ignore:easy_install command is deprecated setup.py egg_info --egg-base ../../build/my_py_pkg build --build-base /home/ms/ros2_ws/build/my_py_pkg/build install --record /home/ms/ros2_ws/build/my_py_pkg/install.log --single-version-externally-managed install_data
[1.643s] DEBUG:colcon.colcon_core.event_handler.log_command:Invoking command in '/home/ms/ros2_ws/src/platoon_gazebo': PYTHONPATH=/home/ms/ros2_ws/build/platoon_gazebo/prefix_override:/usr/lib/python3/dist-packages/colcon_core/task/python/colcon_distutils_commands:/home/ms/ros2_ws/install/platoon_gazebo/lib/python3.12/site-packages:${PYTHONPATH} /usr/bin/python3 -W ignore:setup.py install is deprecated -W ignore:easy_install command is deprecated setup.py egg_info --egg-base ../../build/platoon_gazebo build --build-base /home/ms/ros2_ws/build/platoon_gazebo/build install --record /home/ms/ros2_ws/build/platoon_gazebo/install.log --single-version-externally-managed install_data
[2.140s] DEBUG:colcon.colcon_core.event_handler.log_command:Invoked command in '/home/ms/ros2_ws/src/my_py_pkg' returned '0': PYTHONPATH=/home/ms/ros2_ws/build/my_py_pkg/prefix_override:/usr/lib/python3/dist-packages/colcon_core/task/python/colcon_distutils_commands:/home/ms/ros2_ws/install/my_py_pkg/lib/python3.12/site-packages:${PYTHONPATH} /usr/bin/python3 -W ignore:setup.py install is deprecated -W ignore:easy_install command is deprecated setup.py egg_info --egg-base ../../build/my_py_pkg build --build-base /home/ms/ros2_ws/build/my_py_pkg/build install --record /home/ms/ros2_ws/build/my_py_pkg/install.log --single-version-externally-managed install_data
[2.142s] Level 1:colcon.colcon_core.environment:checking '/home/ms/ros2_ws/install/my_py_pkg' for CMake module files
[2.142s] Level 1:colcon.colcon_core.environment:checking '/home/ms/ros2_ws/install/my_py_pkg' for CMake config files
[2.142s] Level 1:colcon.colcon_core.environment:checking '/home/ms/ros2_ws/install/my_py_pkg/lib'
[2.143s] Level 1:colcon.colcon_core.environment:checking '/home/ms/ros2_ws/install/my_py_pkg/bin'
[2.143s] Level 1:colcon.colcon_core.environment:checking '/home/ms/ros2_ws/install/my_py_pkg/lib/pkgconfig/my_py_pkg.pc'
[2.143s] Level 1:colcon.colcon_core.environment:checking '/home/ms/ros2_ws/install/my_py_pkg/lib/python3.12/site-packages'
[2.143s] Level 1:colcon.colcon_core.shell:create_environment_hook('my_py_pkg', 'pythonpath')
[2.143s] INFO:colcon.colcon_core.shell:Creating environment hook '/home/ms/ros2_ws/install/my_py_pkg/share/my_py_pkg/hook/pythonpath.ps1'
[2.144s] INFO:colcon.colcon_core.shell:Creating environment descriptor '/home/ms/ros2_ws/install/my_py_pkg/share/my_py_pkg/hook/pythonpath.dsv'
[2.144s] INFO:colcon.colcon_core.shell:Creating environment hook '/home/ms/ros2_ws/install/my_py_pkg/share/my_py_pkg/hook/pythonpath.sh'
[2.145s] Level 1:colcon.colcon_core.environment:checking '/home/ms/ros2_ws/install/my_py_pkg/bin'
[2.145s] Level 1:colcon.colcon_core.environment:create_environment_scripts_only(my_py_pkg)
[2.145s] INFO:colcon.colcon_core.shell:Creating package script '/home/ms/ros2_ws/install/my_py_pkg/share/my_py_pkg/package.ps1'
[2.146s] INFO:colcon.colcon_core.shell:Creating package descriptor '/home/ms/ros2_ws/install/my_py_pkg/share/my_py_pkg/package.dsv'
[2.147s] INFO:colcon.colcon_core.shell:Creating package script '/home/ms/ros2_ws/install/my_py_pkg/share/my_py_pkg/package.sh'
[2.147s] INFO:colcon.colcon_core.shell:Creating package script '/home/ms/ros2_ws/install/my_py_pkg/share/my_py_pkg/package.bash'
[2.148s] INFO:colcon.colcon_core.shell:Creating package script '/home/ms/ros2_ws/install/my_py_pkg/share/my_py_pkg/package.zsh'
[2.148s] Level 1:colcon.colcon_core.environment:create_file_with_runtime_dependencies(/home/ms/ros2_ws/install/my_py_pkg/share/colcon-core/packages/my_py_pkg)
[2.152s] Level 1:colcon.colcon_core.environment:checking '/home/ms/ros2_ws/install/platooning_pkg' for CMake module files
[2.153s] DEBUG:colcon.colcon_core.event_handler.log_command:Invoked command in '/home/ms/ros2_ws/src/platooning_pkg' returned '0': PYTHONPATH=/home/ms/ros2_ws/build/platooning_pkg/prefix_override:/usr/lib/python3/dist-packages/colcon_core/task/python/colcon_distutils_commands:/home/ms/ros2_ws/install/platooning_pkg/lib/python3.12/site-packages:${PYTHONPATH} /usr/bin/python3 -W ignore:setup.py install is deprecated -W ignore:easy_install command is deprecated setup.py egg_info --egg-base ../../build/platooning_pkg build --build-base /home/ms/ros2_ws/build/platooning_pkg/build install --record /home/ms/ros2_ws/build/platooning_pkg/install.log --single-version-externally-managed install_data
[2.153s] Level 1:colcon.colcon_core.environment:checking '/home/ms/ros2_ws/install/platooning_pkg' for CMake config files
[2.153s] Level 1:colcon.colcon_core.environment:checking '/home/ms/ros2_ws/install/platooning_pkg/lib'
[2.153s] Level 1:colcon.colcon_core.environment:checking '/home/ms/ros2_ws/install/platooning_pkg/bin'
[2.153s] Level 1:colcon.colcon_core.environment:checking '/home/ms/ros2_ws/install/platooning_pkg/lib/pkgconfig/platooning_pkg.pc'
[2.154s] Level 1:colcon.colcon_core.environment:checking '/home/ms/ros2_ws/install/platooning_pkg/lib/python3.12/site-packages'
[2.154s] Level 1:colcon.colcon_core.shell:create_environment_hook('platooning_pkg', 'pythonpath')
[2.154s] INFO:colcon.colcon_core.shell:Creating environment hook '/home/ms/ros2_ws/install/platooning_pkg/share/platooning_pkg/hook/pythonpath.ps1'
[2.154s] INFO:colcon.colcon_core.shell:Creating environment descriptor '/home/ms/ros2_ws/install/platooning_pkg/share/platooning_pkg/hook/pythonpath.dsv'
[2.154s] INFO:colcon.colcon_core.shell:Creating environment hook '/home/ms/ros2_ws/install/platooning_pkg/share/platooning_pkg/hook/pythonpath.sh'
[2.155s] Level 1:colcon.colcon_core.environment:checking '/home/ms/ros2_ws/install/platooning_pkg/bin'
[2.155s] Level 1:colcon.colcon_core.environment:create_environment_scripts_only(platooning_pkg)
[2.155s] INFO:colcon.colcon_core.shell:Creating package script '/home/ms/ros2_ws/install/platooning_pkg/share/platooning_pkg/package.ps1'
[2.156s] INFO:colcon.colcon_core.shell:Creating package descriptor '/home/ms/ros2_ws/install/platooning_pkg/share/platooning_pkg/package.dsv'
[2.156s] INFO:colcon.colcon_core.shell:Creating package script '/home/ms/ros2_ws/install/platooning_pkg/share/platooning_pkg/package.sh'
[2.156s] INFO:colcon.colcon_core.shell:Creating package script '/home/ms/ros2_ws/install/platooning_pkg/share/platooning_pkg/package.bash'
[2.157s] INFO:colcon.colcon_core.shell:Creating package script '/home/ms/ros2_ws/install/platooning_pkg/share/platooning_pkg/package.zsh'
[2.157s] Level 1:colcon.colcon_core.environment:create_file_with_runtime_dependencies(/home/ms/ros2_ws/install/platooning_pkg/share/colcon-core/packages/platooning_pkg)
[2.157s] Level 1:colcon.colcon_core.environment:checking '/home/ms/ros2_ws/install/platoon_gazebo' for CMake module files
[2.159s] Level 1:colcon.colcon_core.environment:checking '/home/ms/ros2_ws/install/platoon_gazebo' for CMake config files
[2.160s] DEBUG:colcon.colcon_core.event_handler.log_command:Invoked command in '/home/ms/ros2_ws/src/platoon_gazebo' returned '0': PYTHONPATH=/home/ms/ros2_ws/build/platoon_gazebo/prefix_override:/usr/lib/python3/dist-packages/colcon_core/task/python/colcon_distutils_commands:/home/ms/ros2_ws/install/platoon_gazebo/lib/python3.12/site-packages:${PYTHONPATH} /usr/bin/python3 -W ignore:setup.py install is deprecated -W ignore:easy_install command is deprecated setup.py egg_info --egg-base ../../build/platoon_gazebo build --build-base /home/ms/ros2_ws/build/platoon_gazebo/build install --record /home/ms/ros2_ws/build/platoon_gazebo/install.log --single-version-externally-managed install_data
[2.160s] Level 1:colcon.colcon_core.environment:checking '/home/ms/ros2_ws/install/platoon_gazebo/lib'
[2.160s] Level 1:colcon.colcon_core.environment:checking '/home/ms/ros2_ws/install/platoon_gazebo/bin'
[2.160s] Level 1:colcon.colcon_core.environment:checking '/home/ms/ros2_ws/install/platoon_gazebo/lib/pkgconfig/platoon_gazebo.pc'
[2.160s] Level 1:colcon.colcon_core.environment:checking '/home/ms/ros2_ws/install/platoon_gazebo/lib/python3.12/site-packages'
[2.160s] Level 1:colcon.colcon_core.shell:create_environment_hook('platoon_gazebo', 'pythonpath')
[2.161s] INFO:colcon.colcon_core.shell:Creating environment hook '/home/ms/ros2_ws/install/platoon_gazebo/share/platoon_gazebo/hook/pythonpath.ps1'
[2.162s] INFO:colcon.colcon_core.shell:Creating environment descriptor '/home/ms/ros2_ws/install/platoon_gazebo/share/platoon_gazebo/hook/pythonpath.dsv'
[2.163s] INFO:colcon.colcon_core.shell:Creating environment hook '/home/ms/ros2_ws/install/platoon_gazebo/share/platoon_gazebo/hook/pythonpath.sh'
[2.164s] Level 1:colcon.colcon_core.environment:checking '/home/ms/ros2_ws/install/platoon_gazebo/bin'
[2.164s] Level 1:colcon.colcon_core.environment:create_environment_scripts_only(platoon_gazebo)
[2.164s] INFO:colcon.colcon_core.shell:Creating package script '/home/ms/ros2_ws/install/platoon_gazebo/share/platoon_gazebo/package.ps1'
[2.164s] INFO:colcon.colcon_core.shell:Creating package descriptor '/home/ms/ros2_ws/install/platoon_gazebo/share/platoon_gazebo/package.dsv'
[2.165s] INFO:colcon.colcon_core.shell:Creating package script '/home/ms/ros2_ws/install/platoon_gazebo/share/platoon_gazebo/package.sh'
[2.165s] INFO:colcon.colcon_core.shell:Creating package script '/home/ms/ros2_ws/install/platoon_gazebo/share/platoon_gazebo/package.bash'
[2.166s] INFO:colcon.colcon_core.shell:Creating package script '/home/ms/ros2_ws/install/platoon_gazebo/share/platoon_gazebo/package.zsh'
[2.166s] Level 1:colcon.colcon_core.environment:create_file_with_runtime_dependencies(/home/ms/ros2_ws/install/platoon_gazebo/share/colcon-core/packages/platoon_gazebo)
[2.166s] DEBUG:colcon.colcon_parallel_executor.executor.parallel:closing loop
[2.166s] DEBUG:colcon.colcon_parallel_executor.executor.parallel:loop closed
[2.166s] DEBUG:colcon.colcon_parallel_executor.executor.parallel:run_until_complete finished with '0'
[2.166s] DEBUG:colcon.colcon_core.event_reactor:joining thread
[2.239s] INFO:colcon.colcon_core.plugin_system:Skipping extension 'colcon_notification.desktop_notification.notify_send': Could not find 'notify-send'
[2.239s] INFO:colcon.colcon_core.plugin_system:Skipping extension 'colcon_notification.desktop_notification.terminal_notifier': Not used on non-Darwin systems
[2.239s] INFO:colcon.colcon_core.plugin_system:Skipping extension 'colcon_notification.desktop_notification.win32': Not used on non-Windows systems
[2.239s] INFO:colcon.colcon_notification.desktop_notification:Sending desktop notification using 'notify2'
[2.240s] DEBUG:colcon.colcon_notification.desktop_notification.notify2:Failed to initialize notify2: org.freedesktop.DBus.Error.ServiceUnknown: The name org.freedesktop.Notifications was not provided by any .service files
[2.240s] DEBUG:colcon.colcon_core.event_reactor:joined thread
[2.241s] INFO:colcon.colcon_core.shell:Creating prefix script '/home/ms/ros2_ws/install/local_setup.ps1'
[2.241s] INFO:colcon.colcon_core.shell:Creating prefix util module '/home/ms/ros2_ws/install/_local_setup_util_ps1.py'
[2.242s] INFO:colcon.colcon_core.shell:Creating prefix chain script '/home/ms/ros2_ws/install/setup.ps1'
[2.243s] INFO:colcon.colcon_core.shell:Creating prefix script '/home/ms/ros2_ws/install/local_setup.sh'
[2.243s] INFO:colcon.colcon_core.shell:Creating prefix util module '/home/ms/ros2_ws/install/_local_setup_util_sh.py'
[2.244s] INFO:colcon.colcon_core.shell:Creating prefix chain script '/home/ms/ros2_ws/install/setup.sh'
[2.245s] INFO:colcon.colcon_core.shell:Creating prefix script '/home/ms/ros2_ws/install/local_setup.bash'
[2.245s] INFO:colcon.colcon_core.shell:Creating prefix chain script '/home/ms/ros2_ws/install/setup.bash'
[2.246s] INFO:colcon.colcon_core.shell:Creating prefix script '/home/ms/ros2_ws/install/local_setup.zsh'
[2.246s] INFO:colcon.colcon_core.shell:Creating prefix chain script '/home/ms/ros2_ws/install/setup.zsh'
