[0.612s] Invoking command in '/home/ms/ros2_ws/src/my_py_pkg': PYTHONPATH=/home/ms/ros2_ws/build/my_py_pkg/prefix_override:/usr/lib/python3/dist-packages/colcon_core/task/python/colcon_distutils_commands:/home/ms/ros2_ws/install/my_py_pkg/lib/python3.12/site-packages:${PYTHONPATH} /usr/bin/python3 -W ignore:setup.py install is deprecated -W ignore:easy_install command is deprecated setup.py egg_info --egg-base ../../build/my_py_pkg build --build-base /home/ms/ros2_ws/build/my_py_pkg/build install --record /home/ms/ros2_ws/build/my_py_pkg/install.log --single-version-externally-managed install_data
[0.752s] running egg_info
[0.752s] creating ../../build/my_py_pkg/my_py_pkg.egg-info
[0.761s] writing ../../build/my_py_pkg/my_py_pkg.egg-info/PKG-INFO
[0.761s] writing dependency_links to ../../build/my_py_pkg/my_py_pkg.egg-info/dependency_links.txt
[0.762s] writing requirements to ../../build/my_py_pkg/my_py_pkg.egg-info/requires.txt
[0.762s] writing top-level names to ../../build/my_py_pkg/my_py_pkg.egg-info/top_level.txt
[0.762s] writing manifest file '../../build/my_py_pkg/my_py_pkg.egg-info/SOURCES.txt'
[0.780s] reading manifest file '../../build/my_py_pkg/my_py_pkg.egg-info/SOURCES.txt'
[0.780s] writing manifest file '../../build/my_py_pkg/my_py_pkg.egg-info/SOURCES.txt'
[0.780s] running build
[0.781s] running build_py
[0.781s] creating /home/ms/ros2_ws/build/my_py_pkg/build
[0.781s] creating /home/ms/ros2_ws/build/my_py_pkg/build/lib
[0.781s] creating /home/ms/ros2_ws/build/my_py_pkg/build/lib/my_py_pkg
[0.781s] copying my_py_pkg/__init__.py -> /home/ms/ros2_ws/build/my_py_pkg/build/lib/my_py_pkg
[0.781s] running install
[0.785s] running install_lib
[0.794s] creating /home/ms/ros2_ws/install/my_py_pkg/lib/python3.12/site-packages/my_py_pkg
[0.794s] copying /home/ms/ros2_ws/build/my_py_pkg/build/lib/my_py_pkg/__init__.py -> /home/ms/ros2_ws/install/my_py_pkg/lib/python3.12/site-packages/my_py_pkg
[0.794s] byte-compiling /home/ms/ros2_ws/install/my_py_pkg/lib/python3.12/site-packages/my_py_pkg/__init__.py to __init__.cpython-312.pyc
[0.794s] running install_data
[0.794s] creating /home/ms/ros2_ws/install/my_py_pkg/share/ament_index
[0.795s] creating /home/ms/ros2_ws/install/my_py_pkg/share/ament_index/resource_index
[0.795s] creating /home/ms/ros2_ws/install/my_py_pkg/share/ament_index/resource_index/packages
[0.795s] copying resource/my_py_pkg -> /home/ms/ros2_ws/install/my_py_pkg/share/ament_index/resource_index/packages
[0.795s] copying package.xml -> /home/ms/ros2_ws/install/my_py_pkg/share/my_py_pkg
[0.795s] running install_egg_info
[0.805s] Copying ../../build/my_py_pkg/my_py_pkg.egg-info to /home/ms/ros2_ws/install/my_py_pkg/lib/python3.12/site-packages/my_py_pkg-0.0.0-py3.12.egg-info
[0.806s] running install_scripts
[0.871s] writing list of installed files to '/home/ms/ros2_ws/build/my_py_pkg/install.log'
[0.887s] Invoked command in '/home/ms/ros2_ws/src/my_py_pkg' returned '0': PYTHONPATH=/home/ms/ros2_ws/build/my_py_pkg/prefix_override:/usr/lib/python3/dist-packages/colcon_core/task/python/colcon_distutils_commands:/home/ms/ros2_ws/install/my_py_pkg/lib/python3.12/site-packages:${PYTHONPATH} /usr/bin/python3 -W ignore:setup.py install is deprecated -W ignore:easy_install command is deprecated setup.py egg_info --egg-base ../../build/my_py_pkg build --build-base /home/ms/ros2_ws/build/my_py_pkg/build install --record /home/ms/ros2_ws/build/my_py_pkg/install.log --single-version-externally-managed install_data
