running egg_info
creating ../../build/platooning_pkg/platooning_pkg.egg-info
writing ../../build/platooning_pkg/platooning_pkg.egg-info/PKG-INFO
writing dependency_links to ../../build/platooning_pkg/platooning_pkg.egg-info/dependency_links.txt
writing requirements to ../../build/platooning_pkg/platooning_pkg.egg-info/requires.txt
writing top-level names to ../../build/platooning_pkg/platooning_pkg.egg-info/top_level.txt
writing manifest file '../../build/platooning_pkg/platooning_pkg.egg-info/SOURCES.txt'
reading manifest file '../../build/platooning_pkg/platooning_pkg.egg-info/SOURCES.txt'
writing manifest file '../../build/platooning_pkg/platooning_pkg.egg-info/SOURCES.txt'
running build
running build_py
creating /home/ms/ros2_ws/build/platooning_pkg/build
creating /home/ms/ros2_ws/build/platooning_pkg/build/lib
creating /home/ms/ros2_ws/build/platooning_pkg/build/lib/platooning_pkg
copying platooning_pkg/leader_node.py -> /home/ms/ros2_ws/build/platooning_pkg/build/lib/platooning_pkg
copying platooning_pkg/__init__.py -> /home/ms/ros2_ws/build/platooning_pkg/build/lib/platooning_pkg
running install
running install_lib
creating /home/ms/ros2_ws/install/platooning_pkg/lib/python3.12/site-packages/platooning_pkg
copying /home/ms/ros2_ws/build/platooning_pkg/build/lib/platooning_pkg/leader_node.py -> /home/ms/ros2_ws/install/platooning_pkg/lib/python3.12/site-packages/platooning_pkg
copying /home/ms/ros2_ws/build/platooning_pkg/build/lib/platooning_pkg/__init__.py -> /home/ms/ros2_ws/install/platooning_pkg/lib/python3.12/site-packages/platooning_pkg
byte-compiling /home/ms/ros2_ws/install/platooning_pkg/lib/python3.12/site-packages/platooning_pkg/leader_node.py to leader_node.cpython-312.pyc
byte-compiling /home/ms/ros2_ws/install/platooning_pkg/lib/python3.12/site-packages/platooning_pkg/__init__.py to __init__.cpython-312.pyc
running install_data
creating /home/ms/ros2_ws/install/platooning_pkg/share/ament_index
creating /home/ms/ros2_ws/install/platooning_pkg/share/ament_index/resource_index
creating /home/ms/ros2_ws/install/platooning_pkg/share/ament_index/resource_index/packages
copying resource/platooning_pkg -> /home/ms/ros2_ws/install/platooning_pkg/share/ament_index/resource_index/packages
copying package.xml -> /home/ms/ros2_ws/install/platooning_pkg/share/platooning_pkg
running install_egg_info
Copying ../../build/platooning_pkg/platooning_pkg.egg-info to /home/ms/ros2_ws/install/platooning_pkg/lib/python3.12/site-packages/platooning_pkg-0.0.0-py3.12.egg-info
running install_scripts
writing list of installed files to '/home/ms/ros2_ws/build/platooning_pkg/install.log'
