[0.797s] Invoking command in '/home/ms/ros2_ws/src/platooning_pkg': PYTHONPATH=/home/ms/ros2_ws/build/platooning_pkg/prefix_override:/usr/lib/python3/dist-packages/colcon_core/task/python/colcon_distutils_commands:/home/ms/ros2_ws/install/platooning_pkg/lib/python3.12/site-packages:${PYTHONPATH} /usr/bin/python3 -W ignore:setup.py install is deprecated -W ignore:easy_install command is deprecated setup.py egg_info --egg-base ../../build/platooning_pkg build --build-base /home/ms/ros2_ws/build/platooning_pkg/build install --record /home/ms/ros2_ws/build/platooning_pkg/install.log --single-version-externally-managed install_data
[0.948s] running egg_info
[0.948s] creating ../../build/platooning_pkg/platooning_pkg.egg-info
[0.958s] writing ../../build/platooning_pkg/platooning_pkg.egg-info/PKG-INFO
[0.959s] writing dependency_links to ../../build/platooning_pkg/platooning_pkg.egg-info/dependency_links.txt
[0.959s] writing requirements to ../../build/platooning_pkg/platooning_pkg.egg-info/requires.txt
[0.959s] writing top-level names to ../../build/platooning_pkg/platooning_pkg.egg-info/top_level.txt
[0.959s] writing manifest file '../../build/platooning_pkg/platooning_pkg.egg-info/SOURCES.txt'
[0.980s] reading manifest file '../../build/platooning_pkg/platooning_pkg.egg-info/SOURCES.txt'
[0.980s] writing manifest file '../../build/platooning_pkg/platooning_pkg.egg-info/SOURCES.txt'
[0.980s] running build
[0.980s] running build_py
[0.980s] creating /home/ms/ros2_ws/build/platooning_pkg/build
[0.980s] creating /home/ms/ros2_ws/build/platooning_pkg/build/lib
[0.981s] creating /home/ms/ros2_ws/build/platooning_pkg/build/lib/platooning_pkg
[0.981s] copying platooning_pkg/leader_node.py -> /home/ms/ros2_ws/build/platooning_pkg/build/lib/platooning_pkg
[0.981s] copying platooning_pkg/__init__.py -> /home/ms/ros2_ws/build/platooning_pkg/build/lib/platooning_pkg
[0.981s] running install
[0.985s] running install_lib
[0.995s] creating /home/ms/ros2_ws/install/platooning_pkg/lib/python3.12/site-packages/platooning_pkg
[0.995s] copying /home/ms/ros2_ws/build/platooning_pkg/build/lib/platooning_pkg/leader_node.py -> /home/ms/ros2_ws/install/platooning_pkg/lib/python3.12/site-packages/platooning_pkg
[0.995s] copying /home/ms/ros2_ws/build/platooning_pkg/build/lib/platooning_pkg/__init__.py -> /home/ms/ros2_ws/install/platooning_pkg/lib/python3.12/site-packages/platooning_pkg
[0.996s] byte-compiling /home/ms/ros2_ws/install/platooning_pkg/lib/python3.12/site-packages/platooning_pkg/leader_node.py to leader_node.cpython-312.pyc
[0.996s] byte-compiling /home/ms/ros2_ws/install/platooning_pkg/lib/python3.12/site-packages/platooning_pkg/__init__.py to __init__.cpython-312.pyc
[0.996s] running install_data
[0.996s] creating /home/ms/ros2_ws/install/platooning_pkg/share/ament_index
[0.996s] creating /home/ms/ros2_ws/install/platooning_pkg/share/ament_index/resource_index
[0.997s] creating /home/ms/ros2_ws/install/platooning_pkg/share/ament_index/resource_index/packages
[0.997s] copying resource/platooning_pkg -> /home/ms/ros2_ws/install/platooning_pkg/share/ament_index/resource_index/packages
[0.997s] copying package.xml -> /home/ms/ros2_ws/install/platooning_pkg/share/platooning_pkg
[0.997s] running install_egg_info
[1.009s] Copying ../../build/platooning_pkg/platooning_pkg.egg-info to /home/ms/ros2_ws/install/platooning_pkg/lib/python3.12/site-packages/platooning_pkg-0.0.0-py3.12.egg-info
[1.010s] running install_scripts
[1.080s] writing list of installed files to '/home/ms/ros2_ws/build/platooning_pkg/install.log'
[1.100s] Invoked command in '/home/ms/ros2_ws/src/platooning_pkg' returned '0': PYTHONPATH=/home/ms/ros2_ws/build/platooning_pkg/prefix_override:/usr/lib/python3/dist-packages/colcon_core/task/python/colcon_distutils_commands:/home/ms/ros2_ws/install/platooning_pkg/lib/python3.12/site-packages:${PYTHONPATH} /usr/bin/python3 -W ignore:setup.py install is deprecated -W ignore:easy_install command is deprecated setup.py egg_info --egg-base ../../build/platooning_pkg build --build-base /home/ms/ros2_ws/build/platooning_pkg/build install --record /home/ms/ros2_ws/build/platooning_pkg/install.log --single-version-externally-managed install_data
